(THU.CST) os is loading ...

Special kernel symbols:
  entry  0xc0100036 (phys)
  etext  0xc010be65 (phys)
  edata  0xc019e000 (phys)
  end    0xc01a1178 (phys)
Kernel executable memory footprint: 645KB
ebp:c0129f38 eip:c0100aec args:defc012 94c010 1 9f680000
    kern/debug/kdebug.c:351: print_stackframe+22
ebp:c0129f48 eip:c0100def args:dfc012 c010 0 0
    kern/debug/kmonitor.c:129: mon_backtrace+10
ebp:c0129f68 eip:c01000df args:108c012 c010 9f900000 c012
    kern/init/init.c:58: grade_backtrace2+33
ebp:c0129f88 eip:c0100108 args:126c012 c010 0 9fb4ffff
    kern/init/init.c:63: grade_backtrace1+38
ebp:c0129fa8 eip:c0100126 args:14bc012 c010 360000 c010
    kern/init/init.c:68: grade_backtrace0+23
ebp:c0129fc8 eip:c010014b args:8bc012 be9cc010 be80c010 3178c010
    kern/init/init.c:73: grade_backtrace+34
ebp:c0129ff8 eip:c010008b args:340000 c02cc010 c034c010 d75c010
    kern/init/init.c:33: kern_init+84
memory management: default_pmm_manager
e820map:
  memory: 0009fc00, [00000000, 0009fbff], type = 1.
  memory: 00000400, [0009fc00, 0009ffff], type = 2.
  memory: 00010000, [000f0000, 000fffff], type = 2.
  memory: 07efe000, [00100000, 07ffdfff], type = 1.
  memory: 00002000, [07ffe000, 07ffffff], type = 2.
  memory: 00040000, [fffc0000, ffffffff], type = 2.
check_alloc_page() succeeded!
check_pgdir() succeeded!
check_boot_pgdir() succeeded!
-------------------- BEGIN --------------------
PDE(0e0) c0000000-f8000000 38000000 urw
  |-- PTE(38000) c0000000-f8000000 38000000 -rw
PDE(001) fac00000-fb000000 00400000 -rw
  |-- PTE(000e0) faf00000-fafe0000 000e0000 urw
  |-- PTE(00001) fafeb000-fafec000 00001000 -rw
--------------------- END ---------------------
use SLOB allocator
kmalloc_init() succeeded!
check_vma_struct() succeeded!
page fault at 0x00000100: K/W [no page found].
check_pgfault() succeeded!
check_vmm() succeeded.
ide 0:      10000(sectors), 'QEMU HARDDISK'.
ide 1:     262144(sectors), 'QEMU HARDDISK'.
SWAP: manager = fifo swap manager
BEGIN check_swap: count 1, total 31866
setup Page Table for vaddr 0X1000, so alloc a page
setup Page Table vaddr 0~4MB OVER!
set up init env for check_swap begin!
page fault at 0x00001000: K/W [no page found].
page fault at 0x00002000: K/W [no page found].
page fault at 0x00003000: K/W [no page found].
page fault at 0x00004000: K/W [no page found].
set up init env for check_swap over!
write Virt Page c in fifo_check_swap
write Virt Page a in fifo_check_swap
write Virt Page d in fifo_check_swap
write Virt Page b in fifo_check_swap
write Virt Page e in fifo_check_swap
page fault at 0x00005000: K/W [no page found].
swap_out: i 0, store page in vaddr 0x1000 to disk swap entry 2
write Virt Page b in fifo_check_swap
write Virt Page a in fifo_check_swap
page fault at 0x00001000: K/W [no page found].
swap_out: i 0, store page in vaddr 0x2000 to disk swap entry 3
swap_in: load disk swap entry 2 with swap_page in vadr 0x1000
write Virt Page b in fifo_check_swap
page fault at 0x00002000: K/W [no page found].
swap_out: i 0, store page in vaddr 0x3000 to disk swap entry 4
swap_in: load disk swap entry 3 with swap_page in vadr 0x2000
write Virt Page c in fifo_check_swap
page fault at 0x00003000: K/W [no page found].
swap_out: i 0, store page in vaddr 0x4000 to disk swap entry 5
swap_in: load disk swap entry 4 with swap_page in vadr 0x3000
write Virt Page d in fifo_check_swap
page fault at 0x00004000: K/W [no page found].
swap_out: i 0, store page in vaddr 0x5000 to disk swap entry 6
swap_in: load disk swap entry 5 with swap_page in vadr 0x4000
write Virt Page e in fifo_check_swap
page fault at 0x00005000: K/W [no page found].
swap_out: i 0, store page in vaddr 0x1000 to disk swap entry 2
swap_in: load disk swap entry 6 with swap_page in vadr 0x5000
write Virt Page a in fifo_check_swap
page fault at 0x00001000: K/R [no page found].
swap_out: i 0, store page in vaddr 0x2000 to disk swap entry 3
swap_in: load disk swap entry 2 with swap_page in vadr 0x1000
count is 0, total is 5
check_swap() succeeded!
++ setup timer interrupts
kernel_execve: pid = 2, name = "hello".
Hello world!!.
I am process 2.
hello pass.
all user-mode processes have quit.
init check memory pass.
kernel panic at kern/process/proc.c:460:
    initproc exit.

stack trackback:
ebp:c0383f88 eip:c0100aec args:e60c038 c160c010 3fccc010 1ccc038
    kern/debug/kdebug.c:351: print_stackframe+22
ebp:c0383fb8 eip:c0100e60 args:9f68c038 deccc010 1ccc010 df1c0000
    kern/debug/panic.c:27: __panic+105
ebp:c0383fe8 eip:c0109f68 args:929a0000 c010 0 0
    kern/process/proc.c:460: do_exit+91
Welcome to the kernel debug monitor!!
Type 'help' for a list of commands.
K> 