(THU.CST) os is loading ...

Special kernel symbols:
  entry  0xc0100036 (phys)
  etext  0xc0108c9f (phys)
  edata  0xc0123000 (phys)
  end    0xc0124130 (phys)
Kernel executable memory footprint: 145KB
ebp:c011ff38 eip:c01009ec args:cefc011 94c010 1 ff680000
    kern/debug/kdebug.c:309: print_stackframe+22
ebp:c011ff48 eip:c0100cef args:d7c011 c010 0 0
    kern/debug/kmonitor.c:129: mon_backtrace+10
ebp:c011ff68 eip:c01000d7 args:100c011 c010 ff900000 c011
    kern/init/init.c:57: grade_backtrace2+33
ebp:c011ff88 eip:c0100100 args:11ec011 c010 0 ffb4ffff
    kern/init/init.c:62: grade_backtrace1+38
ebp:c011ffa8 eip:c010011e args:143c011 c010 360000 c010
    kern/init/init.c:67: grade_backtrace0+23
ebp:c011ffc8 eip:c0100143 args:8bc011 8cbcc010 8ca0c010 1130c010
    kern/init/init.c:72: grade_backtrace+34
ebp:c011fff8 eip:c010008b args:340000 8e4cc010 8e54c010 c75c010
    kern/init/init.c:32: kern_init+84
memory management: default_pmm_manager
e820map:
  memory: 0009fc00, [00000000, 0009fbff], type = 1.
  memory: 00000400, [0009fc00, 0009ffff], type = 2.
  memory: 00010000, [000f0000, 000fffff], type = 2.
  memory: 07efe000, [00100000, 07ffdfff], type = 1.
  memory: 00002000, [07ffe000, 07ffffff], type = 2.
  memory: 00040000, [fffc0000, ffffffff], type = 2.
check_alloc_page() succeeded!
check_pgdir() succeeded!
check_boot_pgdir() succeeded!
-------------------- BEGIN --------------------
PDE(0e0) c0000000-f8000000 38000000 urw
  |-- PTE(38000) c0000000-f8000000 38000000 -rw
PDE(001) fac00000-fb000000 00400000 -rw
  |-- PTE(000e0) faf00000-fafe0000 000e0000 urw
  |-- PTE(00001) fafeb000-fafec000 00001000 -rw
--------------------- END ---------------------
check_vma_struct() succeeded!
page fault at 0x00000100: K/W [no page found].
check_pgfault() succeeded!
check_vmm() succeeded.
ide 0:      10000(sectors), 'QEMU HARDDISK'.
ide 1:     262144(sectors), 'QEMU HARDDISK'.
SWAP: manager = fifo swap manager
BEGIN check_swap: count 1, total 31994
setup Page Table for vaddr 0X1000, so alloc a page
setup Page Table vaddr 0~4MB OVER!
set up init env for check_swap begin!
page fault at 0x00001000: K/W [no page found].
page fault at 0x00002000: K/W [no page found].
page fault at 0x00003000: K/W [no page found].
page fault at 0x00004000: K/W [no page found].
set up init env for check_swap over!
write Virt Page c in fifo_check_swap
write Virt Page a in fifo_check_swap
write Virt Page d in fifo_check_swap
write Virt Page b in fifo_check_swap
write Virt Page e in fifo_check_swap
page fault at 0x00005000: K/W [no page found].
swap_out: i 0, store page in vaddr 0x1000 to disk swap entry 2
write Virt Page b in fifo_check_swap
write Virt Page a in fifo_check_swap
page fault at 0x00001000: K/W [no page found].
swap_out: i 0, store page in vaddr 0x2000 to disk swap entry 3
swap_in: load disk swap entry 2 with swap_page in vadr 0x1000
write Virt Page b in fifo_check_swap
page fault at 0x00002000: K/W [no page found].
swap_out: i 0, store page in vaddr 0x3000 to disk swap entry 4
swap_in: load disk swap entry 3 with swap_page in vadr 0x2000
write Virt Page c in fifo_check_swap
page fault at 0x00003000: K/W [no page found].
swap_out: i 0, store page in vaddr 0x4000 to disk swap entry 5
swap_in: load disk swap entry 4 with swap_page in vadr 0x3000
write Virt Page d in fifo_check_swap
page fault at 0x00004000: K/W [no page found].
swap_out: i 0, store page in vaddr 0x5000 to disk swap entry 6
swap_in: load disk swap entry 5 with swap_page in vadr 0x4000
write Virt Page e in fifo_check_swap
page fault at 0x00005000: K/W [no page found].
swap_out: i 0, store page in vaddr 0x1000 to disk swap entry 2
swap_in: load disk swap entry 6 with swap_page in vadr 0x5000
write Virt Page a in fifo_check_swap
page fault at 0x00001000: K/R [no page found].
swap_out: i 0, store page in vaddr 0x2000 to disk swap entry 3
swap_in: load disk swap entry 2 with swap_page in vadr 0x1000
count is 0, total is 7
check_swap() succeeded!
++ setup timer interrupts
100 ticks
End of Test.
kernel panic at kern/trap/trap.c:20:
    EOT: kernel seems ok.
stack trackback:
ebp:c011fee0 eip:c01009ec args:d60c011 8f80c010 ff24c010 14c011
    kern/debug/kdebug.c:309: print_stackframe+22
ebp:c011ff10 eip:c0100d60 args:2168c011 912ec010 14c010 91180000
    kern/debug/panic.c:27: __panic+105
ebp:c011ff30 eip:c0102168 args:26c7c011 ff68c010 352c011 304c010
    kern/trap/trap.c:20: print_ticks+65
ebp:c011ff60 eip:c01026c7 args:2785c011 ff8cc010 375c011 8fb0c010
    kern/trap/trap.c:196: trap_dispatch+204
ebp:c011ff80 eip:c0102785 args:279dc011 ff8cc010 1c011 0
    kern/trap/trap.c:232: trap+16
ebp:c011fff8 eip:c010279d args:340000 8e4cc010 8e54c010 c75c010
    kern/trap/trapentry.S:24: <unknown>+0
Welcome to the kernel debug monitor!!
Type 'help' for a list of commands.
