(THU.CST) os is loading ...

Special kernel symbols:
  entry  0xc0100036 (phys)
  etext  0xc010d5d7 (phys)
  edata  0xc01c5000 (phys)
  end    0xc01c82c4 (phys)
Kernel executable memory footprint: 801KB
ebp:c0130f38 eip:c0100af1 args:df4c013 94c010 1 f680000
    kern/debug/kdebug.c:351: print_stackframe+22
ebp:c0130f48 eip:c0100df4 args:e4c013 c010 0 0
    kern/debug/kmonitor.c:129: mon_backtrace+10
ebp:c0130f68 eip:c01000e4 args:10dc013 c010 f900000 c013
    kern/init/init.c:59: grade_backtrace2+33
ebp:c0130f88 eip:c010010d args:12bc013 c010 0 fb4ffff
    kern/init/init.c:64: grade_backtrace1+38
ebp:c0130fa8 eip:c010012b args:150c013 c010 360000 c010
    kern/init/init.c:69: grade_backtrace0+23
ebp:c0130fc8 eip:c0100150 args:8bc013 d5fcc010 d5e0c010 32c4c010
    kern/init/init.c:74: grade_backtrace+34
ebp:c0130ff8 eip:c010008b args:340000 d78cc010 d794c010 d7ac010
    kern/init/init.c:33: kern_init+84
memory management: default_pmm_manager
e820map:
  memory: 0009fc00, [00000000, 0009fbff], type = 1.
  memory: 00000400, [0009fc00, 0009ffff], type = 2.
  memory: 00010000, [000f0000, 000fffff], type = 2.
  memory: 07efe000, [00100000, 07ffdfff], type = 1.
  memory: 00002000, [07ffe000, 07ffffff], type = 2.
  memory: 00040000, [fffc0000, ffffffff], type = 2.
check_alloc_page() succeeded!
check_pgdir() succeeded!
check_boot_pgdir() succeeded!
-------------------- BEGIN --------------------
PDE(0e0) c0000000-f8000000 38000000 urw
  |-- PTE(38000) c0000000-f8000000 38000000 -rw
PDE(001) fac00000-fb000000 00400000 -rw
  |-- PTE(000e0) faf00000-fafe0000 000e0000 urw
  |-- PTE(00001) fafeb000-fafec000 00001000 -rw
--------------------- END ---------------------
use SLOB allocator
kmalloc_init() succeeded!
check_vma_struct() succeeded!
page fault at 0x00000100: K/W [no page found].
check_pgfault() succeeded!
check_vmm() succeeded.
sched class: RR_scheduler
ide 0:      10000(sectors), 'QEMU HARDDISK'.
ide 1:     262144(sectors), 'QEMU HARDDISK'.
SWAP: manager = fifo swap manager
BEGIN check_swap: count 1, total 31827
setup Page Table for vaddr 0X1000, so alloc a page
setup Page Table vaddr 0~4MB OVER!
set up init env for check_swap begin!
page fault at 0x00001000: K/W [no page found].
page fault at 0x00002000: K/W [no page found].
page fault at 0x00003000: K/W [no page found].
page fault at 0x00004000: K/W [no page found].
set up init env for check_swap over!
write Virt Page c in fifo_check_swap
write Virt Page a in fifo_check_swap
write Virt Page d in fifo_check_swap
write Virt Page b in fifo_check_swap
write Virt Page e in fifo_check_swap
page fault at 0x00005000: K/W [no page found].
swap_out: i 0, store page in vaddr 0x1000 to disk swap entry 2
write Virt Page b in fifo_check_swap
write Virt Page a in fifo_check_swap
page fault at 0x00001000: K/W [no page found].
swap_out: i 0, store page in vaddr 0x2000 to disk swap entry 3
swap_in: load disk swap entry 2 with swap_page in vadr 0x1000
write Virt Page b in fifo_check_swap
page fault at 0x00002000: K/W [no page found].
swap_out: i 0, store page in vaddr 0x3000 to disk swap entry 4
swap_in: load disk swap entry 3 with swap_page in vadr 0x2000
write Virt Page c in fifo_check_swap
page fault at 0x00003000: K/W [no page found].
swap_out: i 0, store page in vaddr 0x4000 to disk swap entry 5
swap_in: load disk swap entry 4 with swap_page in vadr 0x3000
write Virt Page d in fifo_check_swap
page fault at 0x00004000: K/W [no page found].
swap_out: i 0, store page in vaddr 0x5000 to disk swap entry 6
swap_in: load disk swap entry 5 with swap_page in vadr 0x4000
write Virt Page e in fifo_check_swap
page fault at 0x00005000: K/W [no page found].
swap_out: i 0, store page in vaddr 0x1000 to disk swap entry 2
swap_in: load disk swap entry 6 with swap_page in vadr 0x5000
write Virt Page a in fifo_check_swap
page fault at 0x00001000: K/R [no page found].
swap_out: i 0, store page in vaddr 0x2000 to disk swap entry 3
swap_in: load disk swap entry 2 with swap_page in vadr 0x1000
count is 0, total is 5
check_swap() succeeded!
++ setup timer interrupts
kernel_execve: pid = 2, name = "faultread".
not valid addr 0, and  can not find it in vma
trapframe at 0xc03b1fb4
  edi  0x00000000
  esi  0x00000000
  ebp  0xafffffa8
  oesp 0xc03b1fd4
  ebx  0x00000000
  edx  0x00000000
  ecx  0x00000000
  eax  0x00000000
  ds   0x----0023
  es   0x----0023
  fs   0x----0000
  gs   0x----0000
  trap 0x0000000e Page Fault
  err  0x00000004
  eip  0x0080101c
  cs   0x----001b
  flag 0x00000286 PF,SF,IF,IOPL=0
  esp  0xafffff90
  ss   0x----0023
killed by kernel.
kernel panic at kern/trap/trap.c:210:
    handle user mode pgfault failed. ret=-3

stack trackback:
ebp:c03b1f18 eip:c0100af1 args:e65c03b d8c0c010 1f5cc010 d2c03b
    kern/debug/kdebug.c:351: print_stackframe+22
ebp:c03b1f48 eip:c0100e65 args:2909c03b da6ec010 d2c010 dd100000
    kern/debug/panic.c:27: __panic+105
ebp:c03b1f78 eip:c0102909 args:2a30c03b 1fb4c010 c03b 200000
    kern/trap/trap.c:210: trap_dispatch+289
ebp:c03b1fa8 eip:c0102a30 args:2a85afff 1fb4c010 c03b 0
    kern/trap/trap.c:294: trap+74
ebp:afffffa8 eip:c0102a85 args:3caafff 80 0 0
    kern/trap/trapentry.S:24: <unknown>+0
ebp:afffffd8 eip:8003ca args:2d0000 80 0 0
    user/libs/umain.c:7: umain+10
Welcome to the kernel debug monitor!!
Type 'help' for a list of commands.
K> 